<html>
<head>
<title>TestNG:  Test run</title>
<link href="../testng.css" rel="stylesheet" type="text/css" />
<link href="../my-testng.css" rel="stylesheet" type="text/css" />

<style type="text/css">
.log { display: none;} 
.stack-trace { display: none;} 
</style>
<script type="text/javascript">
<!--
function flip(e) {
  current = e.style.display;
  if (current == 'block') {
    e.style.display = 'none';
    return 0;
  }
  else {
    e.style.display = 'block';
    return 1;
  }
}

function toggleBox(szDivId, elem, msg1, msg2)
{
  var res = -1;  if (document.getElementById) {
    res = flip(document.getElementById(szDivId));
  }
  else if (document.all) {
    // this is the way old msie versions work
    res = flip(document.all[szDivId]);
  }
  if(elem) {
    if(res == 0) elem.innerHTML = msg1; else elem.innerHTML = msg2;
  }

}

function toggleAllBoxes() {
  if (document.getElementsByTagName) {
    d = document.getElementsByTagName('div');
    for (i = 0; i < d.length; i++) {
      if (d[i].className == 'log') {
        flip(d[i]);
      }
    }
  }
}

// -->
</script>

</head>
<body>
<h2 align='center'>Test run</h2><table border='1' align="center">
<tr>
<td>Tests passed/Failed/Skipped:</td><td>2/1/0</td>
</tr><tr>
<td>Started on:</td><td>Sun Apr 18 01:50:51 ART 2021</td>
</tr>
<tr><td>Total time:</td><td>61 seconds (61830 ms)</td>
</tr><tr>
<td>Included groups:</td><td></td>
</tr><tr>
<td>Excluded groups:</td><td></td>
</tr>
</table><p/>
<small><i>(Hover the method name to see the test class name)</i></small><p/>
<table width='100%' border='1' class='invocation-failed'>
<tr><td colspan='4' align='center'><b>FAILED TESTS</b></td></tr>
<tr><td><b>Test method</b></td>
<td width="30%"><b>Exception</b></td>
<td width="10%"><b>Time (seconds)</b></td>
<td><b>Instance</b></td>
</tr>
<tr>
<td title='com.pedidosya.runner.testRunner.runScenario()'><b>runScenario</b><br>Test class: com.pedidosya.runner.testRunner<br>Test method: Runs Cucumber Scenarios<br>Parameters: "Order food and checkout", "Optional[Order food and checkout page feature]"</td>
<td><div><pre>org.openqa.selenium.NoSuchElementException: no such element: Unable to locate element: {&quot;method&quot;:&quot;css selector&quot;,&quot;selector&quot;:&quot;body.inner.profile.peya.ar.user_is_not_logged.locationMyAccount.locationTestTop.locationProfile:nth-child(2) div.row.rowContainer:nth-child(19) section.medium-8.columns section.tab-panel.tab-active:nth-child(1) div.sectionContainer section.menuSectionContainer.seek:nth-child(4) div.section_animated:nth-child(3) ul.highlight_list li.peyaCard.product-full-card.product.most div.content.full-card-empty:nth-child(3) &gt; h4.productName&quot;}
  (Session info: chrome=89.0.4389.128)
For documentation on this error, please visit: https://www.seleniumhq.org/exceptions/no_such_element.html
Build info: version: &apos;3.141.59&apos;, revision: &apos;e82be7d358&apos;, time: &apos;2018-11-14T08:17:03&apos;
System info: host: &apos;DESKTOP-EER3MNQ&apos;, ip: &apos;192.168.1.64&apos;, os.name: &apos;Windows 10&apos;, os.arch: &apos;amd64&apos;, os.version: &apos;10.0&apos;, java.version: &apos;15.0.1&apos;
Driver info: org.openqa.selenium.chrome.ChromeDriver
Capabilities {acceptInsecureCerts: false, browserName: chrome, browserVersion: 89.0.4389.128, chrome: {chromedriverVersion: 88.0.4324.96 (68dba2d8a0b14..., userDataDir: C:\Users\Damian\AppData\Loc...}, goog:chromeOptions: {debuggerAddress: localhost:61303}, javascriptEnabled: true, networkConnectionEnabled: false, pageLoadStrategy: normal, platform: WINDOWS, platformName: WINDOWS, proxy: Proxy(), setWindowRect: true, strictFileInteractability: false, timeouts: {implicit: 0, pageLoad: 300000, script: 30000}, unhandledPromptBehavior: dismiss and notify, webauthn:extension:largeBlob: true, webauthn:virtualAuthenticators: true}
Session ID: c38b6766f9b8b2faac58e16bf169e3a0
*** Element info: {Using=css selector, value=body.inner.profile.peya.ar.user_is_not_logged.locationMyAccount.locationTestTop.locationProfile:nth-child(2) div.row.rowContainer:nth-child(19) section.medium-8.columns section.tab-panel.tab-active:nth-child(1) div.sectionContainer section.menuSectionContainer.seek:nth-child(4) div.section_animated:nth-child(3) ul.highlight_list li.peyaCard.product-full-card.product.most div.content.full-card-empty:nth-child(3) &gt; h4.productName}
	at org.openqa.selenium.remote.http.W3CHttpResponseCodec.createException(W3CHttpResponseCodec.java:187)
	at org.openqa.selenium.remote.http.W3CHttpResponseCodec.decode(W3CHttpResponseCodec.java:122)
	at org.openqa.selenium.remote.http.W3CHttpResponseCodec.decode(W3CHttpResponseCodec.java:49)
	at org.openqa.selenium.remote.HttpCommandExecutor.execute(HttpCommandExecutor.java:158)
	at org.openqa.selenium.remote.service.DriverCommandExecutor.execute(DriverCommandExecutor.java:83)
	at org.openqa.selenium.remote.RemoteWebDriver.execute(RemoteWebDriver.java:552)
	at org.openqa.selenium.remote.RemoteWebDriver.findElement(RemoteWebDriver.java:323)
	at org.openqa.selenium.remote.RemoteWebDriver.findElementByCssSelector(RemoteWebDriver.java:420)
	at org.openqa.selenium.By$ByCssSelector.findElement(By.java:431)
	at org.openqa.selenium.remote.RemoteWebDriver.findElement(RemoteWebDriver.java:315)
	at com.pedidosya.stepsDefinitions.StepsDefinitions.user_selects_the_option(StepsDefinitions.java:154)
	at ?.User selects the option &quot;Rabas&quot;(file:///E:/Simplilearn/Project2-Assessment-A/./features/assessment-orderfoodandcheckout.feature:6)
... Removed 5 stack frames</pre></div><a href='#' onClick='toggleBox("stack-trace1474529475", this, "Click to show all stack frames", "Click to hide stack frames")'>Click to show all stack frames</a>
<div class='stack-trace' id='stack-trace1474529475'><pre>org.openqa.selenium.NoSuchElementException: no such element: Unable to locate element: {&quot;method&quot;:&quot;css selector&quot;,&quot;selector&quot;:&quot;body.inner.profile.peya.ar.user_is_not_logged.locationMyAccount.locationTestTop.locationProfile:nth-child(2) div.row.rowContainer:nth-child(19) section.medium-8.columns section.tab-panel.tab-active:nth-child(1) div.sectionContainer section.menuSectionContainer.seek:nth-child(4) div.section_animated:nth-child(3) ul.highlight_list li.peyaCard.product-full-card.product.most div.content.full-card-empty:nth-child(3) &gt; h4.productName&quot;}
  (Session info: chrome=89.0.4389.128)
For documentation on this error, please visit: https://www.seleniumhq.org/exceptions/no_such_element.html
Build info: version: &apos;3.141.59&apos;, revision: &apos;e82be7d358&apos;, time: &apos;2018-11-14T08:17:03&apos;
System info: host: &apos;DESKTOP-EER3MNQ&apos;, ip: &apos;192.168.1.64&apos;, os.name: &apos;Windows 10&apos;, os.arch: &apos;amd64&apos;, os.version: &apos;10.0&apos;, java.version: &apos;15.0.1&apos;
Driver info: org.openqa.selenium.chrome.ChromeDriver
Capabilities {acceptInsecureCerts: false, browserName: chrome, browserVersion: 89.0.4389.128, chrome: {chromedriverVersion: 88.0.4324.96 (68dba2d8a0b14..., userDataDir: C:\Users\Damian\AppData\Loc...}, goog:chromeOptions: {debuggerAddress: localhost:61303}, javascriptEnabled: true, networkConnectionEnabled: false, pageLoadStrategy: normal, platform: WINDOWS, platformName: WINDOWS, proxy: Proxy(), setWindowRect: true, strictFileInteractability: false, timeouts: {implicit: 0, pageLoad: 300000, script: 30000}, unhandledPromptBehavior: dismiss and notify, webauthn:extension:largeBlob: true, webauthn:virtualAuthenticators: true}
Session ID: c38b6766f9b8b2faac58e16bf169e3a0
*** Element info: {Using=css selector, value=body.inner.profile.peya.ar.user_is_not_logged.locationMyAccount.locationTestTop.locationProfile:nth-child(2) div.row.rowContainer:nth-child(19) section.medium-8.columns section.tab-panel.tab-active:nth-child(1) div.sectionContainer section.menuSectionContainer.seek:nth-child(4) div.section_animated:nth-child(3) ul.highlight_list li.peyaCard.product-full-card.product.most div.content.full-card-empty:nth-child(3) &gt; h4.productName}
	at java.base/jdk.internal.reflect.NativeConstructorAccessorImpl.newInstance0(Native Method)
	at java.base/jdk.internal.reflect.NativeConstructorAccessorImpl.newInstance(NativeConstructorAccessorImpl.java:64)
	at java.base/jdk.internal.reflect.DelegatingConstructorAccessorImpl.newInstance(DelegatingConstructorAccessorImpl.java:45)
	at java.base/java.lang.reflect.Constructor.newInstanceWithCaller(Constructor.java:500)
	at java.base/java.lang.reflect.Constructor.newInstance(Constructor.java:481)
	at org.openqa.selenium.remote.http.W3CHttpResponseCodec.createException(W3CHttpResponseCodec.java:187)
	at org.openqa.selenium.remote.http.W3CHttpResponseCodec.decode(W3CHttpResponseCodec.java:122)
	at org.openqa.selenium.remote.http.W3CHttpResponseCodec.decode(W3CHttpResponseCodec.java:49)
	at org.openqa.selenium.remote.HttpCommandExecutor.execute(HttpCommandExecutor.java:158)
	at org.openqa.selenium.remote.service.DriverCommandExecutor.execute(DriverCommandExecutor.java:83)
	at org.openqa.selenium.remote.RemoteWebDriver.execute(RemoteWebDriver.java:552)
	at org.openqa.selenium.remote.RemoteWebDriver.findElement(RemoteWebDriver.java:323)
	at org.openqa.selenium.remote.RemoteWebDriver.findElementByCssSelector(RemoteWebDriver.java:420)
	at org.openqa.selenium.By$ByCssSelector.findElement(By.java:431)
	at org.openqa.selenium.remote.RemoteWebDriver.findElement(RemoteWebDriver.java:315)
	at com.pedidosya.stepsDefinitions.StepsDefinitions.user_selects_the_option(StepsDefinitions.java:154)
	at ?.User selects the option &quot;Rabas&quot;(file:///E:/Simplilearn/Project2-Assessment-A/./features/assessment-orderfoodandcheckout.feature:6)
</pre></div></td>
<td>27</td>
<td>com.pedidosya.runner.testRunner@433defed</td></tr>
</table><p>
<table width='100%' border='1' class='invocation-passed'>
<tr><td colspan='4' align='center'><b>PASSED TESTS</b></td></tr>
<tr><td><b>Test method</b></td>
<td width="30%"><b>Exception</b></td>
<td width="10%"><b>Time (seconds)</b></td>
<td><b>Instance</b></td>
</tr>
<tr>
<td title='com.pedidosya.runner.testRunner.runScenario()'><b>runScenario</b><br>Test class: com.pedidosya.runner.testRunner<br>Test method: Runs Cucumber Scenarios<br>Parameters: "Login", "Optional[Login page feature]"</td>
<td></td>
<td>11</td>
<td>com.pedidosya.runner.testRunner@433defed</td></tr>
<tr>
<td title='com.pedidosya.runner.testRunner.runScenario()'><b>runScenario</b><br>Test class: com.pedidosya.runner.testRunner<br>Test method: Runs Cucumber Scenarios<br>Parameters: "Set location", "Optional[Login page feature]"</td>
<td></td>
<td>16</td>
<td>com.pedidosya.runner.testRunner@433defed</td></tr>
</table><p>
</body>
</html>