<?xml version="1.0" encoding="UTF-8"?>
<!-- Generated by org.testng.reporters.JUnitXMLReporter -->
<testsuite ignored="0" hostname="DESKTOP-EER3MNQ" failures="1" tests="3" name="Test run" time="61.83" errors="0" timestamp="18 Apr 2021 04:51:53 GMT">
  <testcase classname="io.cucumber.testng.AbstractTestNGCucumberTests" name="runScenario" time="11.966"/>
  <testcase classname="io.cucumber.testng.AbstractTestNGCucumberTests" name="runScenario" time="16.793"/>
  <testcase classname="io.cucumber.testng.AbstractTestNGCucumberTests" name="runScenario" time="27.188">
    <failure type="org.openqa.selenium.NoSuchElementException" message="no such element: Unable to locate element: {&amp;quot;method&amp;quot;:&amp;quot;css selector&amp;quot;,&amp;quot;selector&amp;quot;:&amp;quot;body.inner.profile.peya.ar.user_is_not_logged.locationMyAccount.locationTestTop.locationProfile:nth-child(2) div.row.rowContainer:nth-child(19) section.medium-8.columns section.tab-panel.tab-active:nth-child(1) div.sectionContainer section.menuSectionContainer.seek:nth-child(4) div.section_animated:nth-child(3) ul.highlight_list li.peyaCard.product-full-card.product.most div.content.full-card-empty:nth-child(3) &amp;gt; h4.productName&amp;quot;}
  (Session info: chrome=89.0.4389.128)
For documentation on this error, please visit: https://www.seleniumhq.org/exceptions/no_such_element.html
Build info: version: &amp;apos;3.141.59&amp;apos;, revision: &amp;apos;e82be7d358&amp;apos;, time: &amp;apos;2018-11-14T08:17:03&amp;apos;
System info: host: &amp;apos;DESKTOP-EER3MNQ&amp;apos;, ip: &amp;apos;192.168.1.64&amp;apos;, os.name: &amp;apos;Windows 10&amp;apos;, os.arch: &amp;apos;amd64&amp;apos;, os.version: &amp;apos;10.0&amp;apos;, java.version: &amp;apos;15.0.1&amp;apos;
Driver info: org.openqa.selenium.chrome.ChromeDriver
Capabilities {acceptInsecureCerts: false, browserName: chrome, browserVersion: 89.0.4389.128, chrome: {chromedriverVersion: 88.0.4324.96 (68dba2d8a0b14..., userDataDir: C:\Users\Damian\AppData\Loc...}, goog:chromeOptions: {debuggerAddress: localhost:61303}, javascriptEnabled: true, networkConnectionEnabled: false, pageLoadStrategy: normal, platform: WINDOWS, platformName: WINDOWS, proxy: Proxy(), setWindowRect: true, strictFileInteractability: false, timeouts: {implicit: 0, pageLoad: 300000, script: 30000}, unhandledPromptBehavior: dismiss and notify, webauthn:extension:largeBlob: true, webauthn:virtualAuthenticators: true}
Session ID: c38b6766f9b8b2faac58e16bf169e3a0
*** Element info: {Using=css selector, value=body.inner.profile.peya.ar.user_is_not_logged.locationMyAccount.locationTestTop.locationProfile:nth-child(2) div.row.rowContainer:nth-child(19) section.medium-8.columns section.tab-panel.tab-active:nth-child(1) div.sectionContainer section.menuSectionContainer.seek:nth-child(4) div.section_animated:nth-child(3) ul.highlight_list li.peyaCard.product-full-card.product.most div.content.full-card-empty:nth-child(3) &amp;gt; h4.productName}">
      <![CDATA[org.openqa.selenium.NoSuchElementException: no such element: Unable to locate element: {"method":"css selector","selector":"body.inner.profile.peya.ar.user_is_not_logged.locationMyAccount.locationTestTop.locationProfile:nth-child(2) div.row.rowContainer:nth-child(19) section.medium-8.columns section.tab-panel.tab-active:nth-child(1) div.sectionContainer section.menuSectionContainer.seek:nth-child(4) div.section_animated:nth-child(3) ul.highlight_list li.peyaCard.product-full-card.product.most div.content.full-card-empty:nth-child(3) > h4.productName"}
  (Session info: chrome=89.0.4389.128)
For documentation on this error, please visit: https://www.seleniumhq.org/exceptions/no_such_element.html
Build info: version: '3.141.59', revision: 'e82be7d358', time: '2018-11-14T08:17:03'
System info: host: 'DESKTOP-EER3MNQ', ip: '192.168.1.64', os.name: 'Windows 10', os.arch: 'amd64', os.version: '10.0', java.version: '15.0.1'
Driver info: org.openqa.selenium.chrome.ChromeDriver
Capabilities {acceptInsecureCerts: false, browserName: chrome, browserVersion: 89.0.4389.128, chrome: {chromedriverVersion: 88.0.4324.96 (68dba2d8a0b14..., userDataDir: C:\Users\Damian\AppData\Loc...}, goog:chromeOptions: {debuggerAddress: localhost:61303}, javascriptEnabled: true, networkConnectionEnabled: false, pageLoadStrategy: normal, platform: WINDOWS, platformName: WINDOWS, proxy: Proxy(), setWindowRect: true, strictFileInteractability: false, timeouts: {implicit: 0, pageLoad: 300000, script: 30000}, unhandledPromptBehavior: dismiss and notify, webauthn:extension:largeBlob: true, webauthn:virtualAuthenticators: true}
Session ID: c38b6766f9b8b2faac58e16bf169e3a0
*** Element info: {Using=css selector, value=body.inner.profile.peya.ar.user_is_not_logged.locationMyAccount.locationTestTop.locationProfile:nth-child(2) div.row.rowContainer:nth-child(19) section.medium-8.columns section.tab-panel.tab-active:nth-child(1) div.sectionContainer section.menuSectionContainer.seek:nth-child(4) div.section_animated:nth-child(3) ul.highlight_list li.peyaCard.product-full-card.product.most div.content.full-card-empty:nth-child(3) > h4.productName}
at org.openqa.selenium.remote.http.W3CHttpResponseCodec.createException(W3CHttpResponseCodec.java:187)
at org.openqa.selenium.remote.http.W3CHttpResponseCodec.decode(W3CHttpResponseCodec.java:122)
at org.openqa.selenium.remote.http.W3CHttpResponseCodec.decode(W3CHttpResponseCodec.java:49)
at org.openqa.selenium.remote.HttpCommandExecutor.execute(HttpCommandExecutor.java:158)
at org.openqa.selenium.remote.service.DriverCommandExecutor.execute(DriverCommandExecutor.java:83)
at org.openqa.selenium.remote.RemoteWebDriver.execute(RemoteWebDriver.java:552)
at org.openqa.selenium.remote.RemoteWebDriver.findElement(RemoteWebDriver.java:323)
at org.openqa.selenium.remote.RemoteWebDriver.findElementByCssSelector(RemoteWebDriver.java:420)
at org.openqa.selenium.By$ByCssSelector.findElement(By.java:431)
at org.openqa.selenium.remote.RemoteWebDriver.findElement(RemoteWebDriver.java:315)
at com.pedidosya.stepsDefinitions.StepsDefinitions.user_selects_the_option(StepsDefinitions.java:154)
at âœ½.User selects the option "Rabas"(file:///E:/Simplilearn/Project2-Assessment-A/./features/assessment-orderfoodandcheckout.feature:6)
... Removed 5 stack frames]]>
    </failure>
  </testcase> <!-- runScenario -->
</testsuite> <!-- Test run -->
